<?xml version="1.0" encoding="UTF-8"?>
<!-- Generated by org.testng.reporters.JUnitReportReporter -->
<testsuite hostname="LenovoFlex" failures="0" tests="1" name="mavenFirstProject.MyActions" time="16.252" errors="0" timestamp="2022-11-23T14:39:38 IST" skipped="0">
  <testcase classname="mavenFirstProject.MyActions" name="test01" time="16.252"/>
  <system-out/>
</testsuite> <!-- mavenFirstProject.MyActions -->
