<?xml version="1.0" encoding="UTF-8"?>
<!-- Generated by org.testng.reporters.JUnitReportReporter -->
<testsuite hostname="LenovoFlex" failures="0" tests="1" name="mavenFirstProject.LocatorsEx" time="4.572" errors="0" timestamp="2022-11-16T20:34:02 IST" skipped="0">
  <testcase classname="mavenFirstProject.LocatorsEx" name="test01" time="4.572"/>
  <system-out/>
</testsuite> <!-- mavenFirstProject.LocatorsEx -->
