<?xml version="1.0" encoding="UTF-8"?>
<!-- Generated by org.testng.reporters.JUnitReportReporter -->
<testsuite hostname="LenovoFlex" failures="0" tests="1" name="com.jbk.DemoTest1" time="0.019" errors="0" timestamp="2022-11-10T14:13:12 IST" skipped="0">
  <testcase classname="com.jbk.DemoTest1" name="test01" time="0.019"/>
  <system-out/>
</testsuite> <!-- com.jbk.DemoTest1 -->
